# JRE version: OpenJDK Runtime Environment Temurin-17.0.14+7 (17.0.14+7) (build 17.0.14+7)
# Java VM: OpenJDK 64-Bit Server VM Temurin-17.0.14+7 (17.0.14+7, mixed mode, sharing, tiered, compressed oops, compressed class ptrs, g1 gc, windows-amd64)
GC Precious Log:
 CPUs: 4 total, 4 available
 Memory: 8071M
 Large Page Support: Disabled
 NUMA Support: Disabled
 Compressed Oops: Enabled (32-bit)
 Heap Region Size: 1M
 Heap Min Capacity: 256M
 Heap Initial Capacity: 256M
 Heap Max Capacity: 512M
 Pre-touch: Disabled
 Parallel Workers: 4
 Concurrent Workers: 1
 Concurrent Refinement Workers: 4
 Periodic GC: Disabled
Heap:
 garbage-first heap   total 262144K, used 93807K [0x00000000e0000000, 0x0000000100000000)
  region size 1024K, 72 young (73728K), 2 survivors (2048K)
 Metaspace       used 31125K, committed 31552K, reserved 393216K
  class space    used 4465K, committed 4672K, reserved 327680K
GC Heap History (8 events):
Event: 1.072 GC heap before
{Heap before GC invocations=0 (full 0):
 garbage-first heap   total 262144K, used 13312K [0x00000000e0000000, 0x0000000100000000)
  region size 1024K, 13 young (13312K), 0 survivors (0K)
 Metaspace       used 757K, committed 896K, reserved 393216K
  class space    used 61K, committed 128K, reserved 327680K
}
Event: 1.078 GC heap after
{Heap after GC invocations=1 (full 0):
 garbage-first heap   total 262144K, used 1216K [0x00000000e0000000, 0x0000000100000000)
  region size 1024K, 2 young (2048K), 2 survivors (2048K)
 Metaspace       used 757K, committed 896K, reserved 393216K
  class space    used 61K, committed 128K, reserved 327680K
}
Event: 2.845 GC heap before
{Heap before GC invocations=1 (full 0):
 garbage-first heap   total 262144K, used 22720K [0x00000000e0000000, 0x0000000100000000)
  region size 1024K, 21 young (21504K), 2 survivors (2048K)
 Metaspace       used 2862K, committed 3008K, reserved 393216K
  class space    used 329K, committed 384K, reserved 327680K
}
Event: 2.850 GC heap after
{Heap after GC invocations=2 (full 0):
 garbage-first heap   total 262144K, used 10154K [0x00000000e0000000, 0x0000000100000000)
  region size 1024K, 3 young (3072K), 3 survivors (3072K)
 Metaspace       used 2862K, committed 3008K, reserved 393216K
  class space    used 329K, committed 384K, reserved 327680K
}
Event: 16.695 GC heap before
{Heap before GC invocations=2 (full 0):
 garbage-first heap   total 262144K, used 165802K [0x00000000e0000000, 0x0000000100000000)
  region size 1024K, 153 young (156672K), 3 survivors (3072K)
 Metaspace       used 18780K, committed 19136K, reserved 393216K
  class space    used 2705K, committed 2880K, reserved 327680K
}
Event: 16.713 GC heap after
{Heap after GC invocations=3 (full 0):
 garbage-first heap   total 262144K, used 22410K [0x00000000e0000000, 0x0000000100000000)
  region size 1024K, 14 young (14336K), 14 survivors (14336K)
 Metaspace       used 18780K, committed 19136K, reserved 393216K
  class space    used 2705K, committed 2880K, reserved 327680K
}
Event: 18.118 GC heap before
{Heap before GC invocations=3 (full 0):
 garbage-first heap   total 262144K, used 43914K [0x00000000e0000000, 0x0000000100000000)
  region size 1024K, 37 young (37888K), 14 survivors (14336K)
 Metaspace       used 21191K, committed 21504K, reserved 393216K
  class space    used 3084K, committed 3200K, reserved 327680K
}
Event: 18.138 GC heap after
{Heap after GC invocations=4 (full 0):
 garbage-first heap   total 262144K, used 24175K [0x00000000e0000000, 0x0000000100000000)
  region size 1024K, 2 young (2048K), 2 survivors (2048K)
 Metaspace       used 21191K, committed 21504K, reserved 393216K
  class space    used 3084K, committed 3200K, reserved 327680K
}

